<?xml version="1.0" encoding="UTF-8"?>
<!-- Generated by org.testng.reporters.JUnitXMLReporter -->
<testsuite hostname="sameena-pc" ignored="2" name="Default test(failed)" tests="1" failures="0" timestamp="31 Jul 2019 14:50:57 GMT" time="13.847" errors="0">
  <testcase name="logInPageLogin" time="5.345" classname="com.crm.qa.testcases.LoginPageTest"/>
  <testcase name="logInPageLoginEnabled" time="0.0" classname="com.crm.qa.testcases.LoginPageTest">
    <ignored/>
  </testcase> <!-- logInPageLoginEnabled -->
  <testcase name="logInPageTitleTest" time="0.0" classname="com.crm.qa.testcases.LoginPageTest">
    <ignored/>
  </testcase> <!-- logInPageTitleTest -->
</testsuite> <!-- Default test(failed) -->
