<?xml version="1.0" encoding="UTF-8"?>
<!-- Generated by org.testng.reporters.JUnitXMLReporter -->
<testsuite hostname="sameena-pc" ignored="0" name="MavenCRMTest" tests="6" failures="0" timestamp="03 Aug 2019 14:55:18 GMT" time="142.588" errors="0">
  <testcase name="logInPageTitleTest" time="0.023" classname="com.crm.qa.testcases.LoginPageTest"/>
  <testcase name="homePageNameTest" time="2.053" classname="com.crm.qa.testcases.HomePageTest"/>
  <testcase name="logInPageLoginEnabled" time="0.404" classname="com.crm.qa.testcases.LoginPageTest"/>
  <testcase name="homePageCalenderEnabled" time="3.497" classname="com.crm.qa.testcases.HomePageTest"/>
  <testcase name="logInPageLogin" time="5.414" classname="com.crm.qa.testcases.LoginPageTest"/>
  <testcase name="homePageClickContacts" time="6.696" classname="com.crm.qa.testcases.HomePageTest"/>
</testsuite> <!-- MavenCRMTest -->
